<?xml version="1.0" encoding="UTF-8"?>
<!-- Generated by org.testng.reporters.JUnitXMLReporter -->
<testsuite ignored="8" hostname="HP-14s" failures="0" tests="5" name="EndToEndFlow" time="35.642" errors="0" timestamp="2025-10-27T23:03:37 IST">
  <testcase classname="tests.LoginTest" name="login" time="2.312"/>
  <testcase classname="tests.ProductSearchTest" name="addProductsToCart" time="5.412"/>
  <testcase classname="tests.CartTestCheckout" name="checkoutProduct" time="9.343"/>
  <testcase classname="tests.AddressTest" name="AddressRemove" time="17.498"/>
  <testcase classname="tests.LogoutTest" name="logout" time="0.967"/>
  <testcase classname="utils.BaseClass" name="@BeforeSuite toLaunch" time="0.0">
    <ignored/>
  </testcase> <!-- @BeforeSuite toLaunch -->
  <testcase classname="utils.BaseClass" name="@BeforeSuite toLaunch" time="0.0">
    <ignored/>
  </testcase> <!-- @BeforeSuite toLaunch -->
  <testcase classname="utils.BaseClass" name="@AfterSuite toClose" time="0.0">
    <ignored/>
  </testcase> <!-- @AfterSuite toClose -->
  <testcase classname="utils.BaseClass" name="@AfterSuite toClose" time="0.0">
    <ignored/>
  </testcase> <!-- @AfterSuite toClose -->
  <testcase classname="utils.BaseClass" name="@AfterSuite toClose" time="0.0">
    <ignored/>
  </testcase> <!-- @AfterSuite toClose -->
  <testcase classname="utils.BaseClass" name="@BeforeSuite toLaunch" time="0.0">
    <ignored/>
  </testcase> <!-- @BeforeSuite toLaunch -->
  <testcase classname="utils.BaseClass" name="@BeforeSuite toLaunch" time="0.0">
    <ignored/>
  </testcase> <!-- @BeforeSuite toLaunch -->
  <testcase classname="utils.BaseClass" name="@AfterSuite toClose" time="0.0">
    <ignored/>
  </testcase> <!-- @AfterSuite toClose -->
</testsuite> <!-- EndToEndFlow -->
