<?xml version="1.0" encoding="UTF-8"?>
<!-- Generated by org.testng.reporters.JUnitXMLReporter -->
<testsuite ignored="8" hostname="HP-14s" failures="0" tests="5" name="EndToEndFlow" time="84.646" errors="0" timestamp="2025-11-09T23:38:03 IST">
  <testcase classname="tests.LoginTest" name="login" time="2.329"/>
  <testcase classname="tests.ProductSearchTest" name="addProductsToCart" time="6.976"/>
  <testcase classname="tests.CartTestCheckout" name="checkoutProduct" time="9.547"/>
  <testcase classname="tests.AddressTest" name="AddressRemove" time="63.579"/>
  <testcase classname="tests.LogoutTest" name="logout" time="2.084"/>
  <testcase classname="utils.BaseClass" name="@BeforeSuite toLaunch" time="0.0">
    <ignored/>
  </testcase> <!-- @BeforeSuite toLaunch -->
  <testcase classname="utils.BaseClass" name="@BeforeSuite toLaunch" time="0.0">
    <ignored/>
  </testcase> <!-- @BeforeSuite toLaunch -->
  <testcase classname="utils.BaseClass" name="@AfterSuite toClose" time="0.0">
    <ignored/>
  </testcase> <!-- @AfterSuite toClose -->
  <testcase classname="utils.BaseClass" name="@AfterSuite toClose" time="0.0">
    <ignored/>
  </testcase> <!-- @AfterSuite toClose -->
  <testcase classname="utils.BaseClass" name="@AfterSuite toClose" time="0.0">
    <ignored/>
  </testcase> <!-- @AfterSuite toClose -->
  <testcase classname="utils.BaseClass" name="@BeforeSuite toLaunch" time="0.0">
    <ignored/>
  </testcase> <!-- @BeforeSuite toLaunch -->
  <testcase classname="utils.BaseClass" name="@BeforeSuite toLaunch" time="0.0">
    <ignored/>
  </testcase> <!-- @BeforeSuite toLaunch -->
  <testcase classname="utils.BaseClass" name="@AfterSuite toClose" time="0.0">
    <ignored/>
  </testcase> <!-- @AfterSuite toClose -->
</testsuite> <!-- EndToEndFlow -->
