<?xml version="1.0" encoding="UTF-8"?>
<!-- Generated by org.testng.reporters.JUnitReportReporter -->
<testsuite hostname="HP-14s" failures="0" tests="1" name="tests.ProductSearchTest" time="6.976" errors="0" timestamp="2025-11-09T23:38:04 IST" skipped="0">
  <testcase classname="tests.ProductSearchTest" name="addProductsToCart" time="6.976">
    <system-out>
      <![CDATA[Product added to the cart successfully
second product added to the cart successfuly]]>
    </system-out>
  </testcase> <!-- addProductsToCart -->
  <system-out>
    <![CDATA[Broswer got launched
Broswer got maximized
Successfully navigated to Demo Web Shop
Logged to Successfully
Product added to the cart successfully
second product added to the cart successfuly
Navigated to shooping cart page successfully
Address Details enterd successfully
shipping Address entered successfully
Shipping Method Selected successfully
Payment Method selected successfully
Successfully continue the payment information
Order confirm successfully
Navigated to Address page succesffully 
Clicked delete button for an address
Confirmed delete alert
logout successfully
Broswer got Closed]]>
  </system-out>
</testsuite> <!-- tests.ProductSearchTest -->
